<?xml version="1.0" encoding="UTF-8"?>
<!-- Generated by org.testng.reporters.JUnitReportReporter -->
<testsuite skipped="0" hostname="ly-PC" name="com.crmtestng.selenuimCrmTest" tests="6" failures="0" timestamp="06 三月 2018 02:25:37 GMT" time="36.903" errors="0">
  <testcase name="testCrmNg1" time="1.282" classname="com.crmtestng.selenuimCrmTest"/>
  <testcase name="testCrmNg2" time="1.718" classname="com.crmtestng.selenuimCrmTest"/>
  <testcase name="testCrmNg2" time="1.241" classname="com.crmtestng.selenuimCrmTest"/>
  <testcase name="testCrmNg3" time="28.743" classname="com.crmtestng.selenuimCrmTest"/>
  <testcase name="testCrmNg1" time="2.550" classname="com.crmtestng.selenuimCrmTest"/>
  <testcase name="testCrmNg2" time="1.369" classname="com.crmtestng.selenuimCrmTest"/>
</testsuite> <!-- com.crmtestng.selenuimCrmTest -->
