<?xml version="1.0" encoding="UTF-8"?>
<!-- Generated by org.testng.reporters.JUnitReportReporter -->
<testsuite skipped="0" hostname="ly-PC" name="com.javatest.NewTest" tests="3" failures="0" timestamp="26 一月 2018 07:31:40 GMT" time="0.016" errors="0">
  <testcase name="testMethodOne" time="0.000" classname="com.javatest.NewTest"/>
  <testcase name="testMethodTwo" time="0.016" classname="com.javatest.NewTest"/>
  <testcase name="testMethodThree" time="0.000" classname="com.javatest.NewTest"/>
</testsuite> <!-- com.javatest.NewTest -->
