<?xml version="1.0" encoding="UTF-8"?>
<!-- Generated by org.testng.reporters.JUnitReportReporter -->
<testsuite skipped="0" hostname="ly-PC" name="com.crm.order_demo.TestNGDemo" tests="5" failures="0" timestamp="06 七月 2018 08:35:42 GMT" time="119.993" errors="1">
  <testcase name="test_Order_2Navigation_Bar" time="32.211" classname="com.crm.order_demo.TestNGDemo"/>
  <testcase name="tearDown" time="13.545" classname="com.crm.order_demo.TestNGDemo">
    <error type="java.lang.NullPointerException">
      <![CDATA[java.lang.NullPointerExceptionat com.crm.publics.LoginUser.logout(LoginUser.java:46)at com.crm.order_demo.TestNGDemo.tearDown(TestNGDemo.java:109)at sun.reflect.NativeMethodAccessorImpl.invoke0(Native Method)at sun.reflect.NativeMethodAccessorImpl.invoke(NativeMethodAccessorImpl.java:62)at sun.reflect.DelegatingMethodAccessorImpl.invoke(DelegatingMethodAccessorImpl.java:43)at java.lang.reflect.Method.invoke(Method.java:498)at org.testng.internal.MethodInvocationHelper.invokeMethod(MethodInvocationHelper.java:124)at org.testng.internal.MethodInvocationHelper.invokeMethodConsideringTimeout(MethodInvocationHelper.java:59)at org.testng.internal.Invoker.invokeConfigurationMethod(Invoker.java:451)at org.testng.internal.Invoker.invokeConfigurations(Invoker.java:222)at org.testng.internal.Invoker.invokeConfigurations(Invoker.java:142)at org.testng.SuiteRunner.privateRun(SuiteRunner.java:425)at org.testng.SuiteRunner.run(SuiteRunner.java:364)at org.testng.SuiteRunnerWorker.runSuite(SuiteRunnerWorker.java:52)at org.testng.SuiteRunnerWorker.run(SuiteRunnerWorker.java:84)at org.testng.TestNG.runSuitesSequentially(TestNG.java:1187)at org.testng.TestNG.runSuitesLocally(TestNG.java:1116)at org.testng.TestNG.runSuites(TestNG.java:1028)at org.testng.TestNG.run(TestNG.java:996)at org.testng.remote.AbstractRemoteTestNG.run(AbstractRemoteTestNG.java:114)at org.testng.remote.RemoteTestNG.initAndRun(RemoteTestNG.java:251)at org.testng.remote.RemoteTestNG.main(RemoteTestNG.java:77)]]>
    </error>
  </testcase> <!-- tearDown -->
  <testcase name="login" time="3.506" classname="com.crm.order_demo.TestNGDemo"/>
  <testcase name="test_Order_1Management" time="29.226" classname="com.crm.order_demo.TestNGDemo"/>
  <testcase name="test_Order_3Menu_Little" time="41.505" classname="com.crm.order_demo.TestNGDemo"/>
</testsuite> <!-- com.crm.order_demo.TestNGDemo -->
