<?xml version="1.0" encoding="UTF-8"?>
<!-- Generated by org.testng.reporters.JUnitReportReporter -->
<testsuite skipped="0" hostname="ly-PC" name="initailtest.NewTest" tests="1" failures="0" timestamp="26 一月 2018 02:10:50 GMT" time="7.600" errors="0">
  <testcase name="f" time="7.600" classname="initailtest.NewTest"/>
</testsuite> <!-- initailtest.NewTest -->
