<?xml version="1.0" encoding="UTF-8"?>
<!-- Generated by org.testng.reporters.JUnitReportReporter -->
<testsuite skipped="0" hostname="ly-PC" name="testNG.LyCrmMainTest" tests="1" failures="0" timestamp="26 一月 2018 02:45:35 GMT" time="14.738" errors="0">
  <testcase name="main" time="14.738" classname="testNG.LyCrmMainTest"/>
</testsuite> <!-- testNG.LyCrmMainTest -->
