<?xml version="1.0" encoding="UTF-8"?>
<!-- Generated by org.testng.reporters.JUnitReportReporter -->
<testsuite skipped="0" hostname="ly-PC" name="com.crm.seleniumDemo.seleniumCrmDemo" tests="4" failures="0" timestamp="02 七月 2018 08:24:03 GMT" time="96.494" errors="0">
  <testcase name="test_Order_1Management" time="29.129" classname="com.crm.seleniumDemo.seleniumCrmDemo"/>
  <testcase name="login" time="3.726" classname="com.crm.seleniumDemo.seleniumCrmDemo"/>
  <testcase name="test_Order_3Menu_Little" time="31.412" classname="com.crm.seleniumDemo.seleniumCrmDemo"/>
  <testcase name="test_Order_2Navigation_Bar" time="32.227" classname="com.crm.seleniumDemo.seleniumCrmDemo"/>
</testsuite> <!-- com.crm.seleniumDemo.seleniumCrmDemo -->
